0 verbose cli C:\Program Files\nodejs\node.exe C:\Program Files\nodejs\node_modules\npm\bin\npm-cli.js
1 info using npm@11.11.0
2 info using node@v24.14.1
3 silly config load:file:C:\Program Files\nodejs\node_modules\npm\npmrc
4 silly config load:file:C:\Users\admin\OneDrive\Documents\Brook\brooksdogtrainingacademy.com\refactor\.npmrc
5 silly config load:file:C:\Users\admin\.npmrc
6 silly config load:file:C:\Users\admin\AppData\Roaming\npm\etc\npmrc
7 verbose title npm audit
8 verbose argv "audit" "--omit" "dev" "--json"
9 verbose logfile logs-max:10 dir:C:\Users\admin\OneDrive\Documents\Brook\brooksdogtrainingacademy.com\refactor\.npm-cache\_logs\2026-06-27T23_20_09_313Z-
10 verbose logfile C:\Users\admin\OneDrive\Documents\Brook\brooksdogtrainingacademy.com\refactor\.npm-cache\_logs\2026-06-27T23_20_09_313Z-debug-0.log
11 silly logfile start cleaning logs, removing 1 files
12 silly packumentCache heap:4496293888 maxSize:1124073472 maxEntrySize:562036736
13 silly logfile done cleaning log files
14 silly audit bulk request {
14 silly audit   '@fortawesome/fontawesome-free': [ '6.5.2' ],
14 silly audit   '@popperjs/core': [ '2.11.8' ],
14 silly audit   '@types/backbone': [ '1.4.23' ],
14 silly audit   '@types/jquery': [ '4.0.1' ],
14 silly audit   '@types/node': [ '24.12.4' ],
14 silly audit   '@types/underscore': [ '1.13.0' ],
14 silly audit   'aws-ssl-profiles': [ '1.1.2' ],
14 silly audit   backbone: [ '1.4.1' ],
14 silly audit   'backbone-undo': [ '0.2.6' ],
14 silly audit   bcryptjs: [ '3.0.3' ],
14 silly audit   bootstrap: [ '5.3.3' ],
14 silly audit   codemirror: [ '5.65.21' ],
14 silly audit   'codemirror-formatting': [ '1.0.0' ],
14 silly audit   denque: [ '2.1.0' ],
14 silly audit   'generate-function': [ '2.3.1' ],
14 silly audit   grapesjs: [ '0.21.9' ],
14 silly audit   'grapesjs-blocks-basic': [ '1.0.1' ],
14 silly audit   'grapesjs-preset-webpage': [ '1.0.3' ],
14 silly audit   'iconv-lite': [ '0.7.2' ],
14 silly audit   'is-property': [ '1.0.2' ],
14 silly audit   long: [ '5.3.2' ],
14 silly audit   'lru.min': [ '1.1.4' ],
14 silly audit   mysql2: [ '3.22.4' ],
14 silly audit   'named-placeholders': [ '1.1.6' ],
14 silly audit   'promise-polyfill': [ '8.3.0' ],
14 silly audit   'safer-buffer': [ '2.1.2' ],
14 silly audit   'sql-escaper': [ '1.3.3' ],
14 silly audit   underscore: [ '1.13.8' ],
14 silly audit   'undici-types': [ '7.16.0' ],
14 silly audit   zod: [ '3.25.76' ]
14 silly audit }
15 http fetch POST 200 https://registry.npmjs.org/-/npm/v1/security/advisories/bulk 229ms
16 silly audit report {}
17 verbose cwd C:\Users\admin\OneDrive\Documents\Brook\brooksdogtrainingacademy.com\refactor
18 verbose os Windows_NT 10.0.26200
19 verbose node v24.14.1
20 verbose npm  v11.11.0
21 verbose exit 0
22 info ok
